  autowall.cpp
  slowwalk.cpp
  grenade_warning.cpp
  animation_system.cpp
  local_animations.cpp
  resolver.cpp
  setup_bones.cpp
  backtrack.cpp
  legitbot.cpp
  airstrafe.cpp
  bunnyhop.cpp
  fakelag.cpp
  key_binds.cpp
  logs.cpp
  misc.cpp
  prediction_system.cpp
  simulation.cpp
  spammers.cpp
  atomic_lock.cpp
  Multithread.cpp
  mutex.cpp
  packed_heap.cpp
  semaphores.cpp
  shared_mutex.cpp
  GameData.cpp
  PostProccessing.cpp
  aim.cpp
  antiaim.cpp
  knifebot.cpp
  zeusbot.cpp
  shared.cpp
  bullet_tracers.cpp
  dormant_esp.cpp
  GrenadePrediction.cpp
  hitchams.cpp
  nightmode.cpp
  other_esp.cpp
  player_esp.cpp
  png_data.cpp
  world_esp.cpp
  configs.cpp
  aes256.cpp
  Config.cpp
  connection_win.cpp
  discord_register_win.cpp
  discord_rpc.cpp
  rpc_connection.cpp
  serialization.cpp
  discord_rpc_init.cpp
  hooks.cpp
  hooked_beginframe.cpp
  hooked_createmove.cpp
  hooked_dme.cpp
  hooked_drawfog.cpp
  hooked_events.cpp
  hooked_findmdl.cpp
  hooked_fsn.cpp
  hooked_getmaterial.cpp
  hooked_ishltv.cpp
  hooked_listleavesinbox.cpp
  hooked_lockcursor.cpp
  hooked_overrideview.cpp
  hooked_painttraverse.cpp
  hooked_postscreeneffects.cpp
  hooked_runcommand.cpp
  hooked_sceneend.cpp
  hooked_senddatagram.cpp
  hooked_player.cpp
  hooked_isconnected.cpp
  hooked_trace.cpp
  Renderr.cpp
  vfunc_hook.cpp
  code_editor.cpp
  imgui.cpp
  imgui_demo.cpp
  imgui_draw.cpp
  imgui_impl_dx9.cpp
  imgui_impl_win32.cpp
  imgui_widgets.cpp
  lodepng.cpp
  Clua.cpp
  CLuaHook.cpp
  main.cpp
  clip.cpp
  clip_win.cpp
  Menu.cpp
  Framework.cpp
  RawData.cpp
  Renderer.cpp
  gloves.cpp
  item_definitions.cpp
  parser.cpp
  SkinChanger.cpp
  Platform.cpp
  custom_sounds.cpp
  Vector2D.cpp
  Vector4D.cpp
  VMatrix.cpp
  Memory.cpp
  characterset.cpp
  checksum_crc.cpp
  checksum_md5.cpp
  Color.cpp
  Convar.cpp
  threadtools.cpp
  UtlBuffer.cpp
  UtlString.cpp
  structs.cpp
  csgo.cpp
  ctx.cpp
  draw_manager.cpp
  math.cpp
  md5.cpp
  netmanager.cpp
  recv.cpp
  Render.cpp
  sha-256.cpp
  twofish.cpp
  util.cpp
     Bibliothek "C:\Users\moham\Downloads\GameSense.Dog_Cheat1\GameSense.Dog_Cheat1\build\cheat.lib" und Objekt "C:\Users\moham\Downloads\GameSense.Dog_Cheat1\GameSense.Dog_Cheat1\build\cheat.exp" werden erstellt.
LINK : warning LNK4098: Standardbibliothek "LIBCMT" steht in Konflikt mit anderen Bibliotheken; /NODEFAULTLIB:Bibliothek verwenden.
  Code wird generiert.
  Previous IPDB not found, fall back to full compilation.
  All 26183 functions were compiled because no usable IPDB/IOBJ from previous compilation was found.
  Codegenerierung ist abgeschlossen.
detours.lib(detours.obj) : warning LNK4099: PDB "" wurde nicht mit "detours.lib(detours.obj)" oder an "" gefunden; Objekt wird verknüpft, als ob keine Debuginformationen vorhanden wären.
detours.lib(disasm.obj) : warning LNK4099: PDB "" wurde nicht mit "detours.lib(disasm.obj)" oder an "" gefunden; Objekt wird verknüpft, als ob keine Debuginformationen vorhanden wären.
  Cheat.vcxproj -> C:\Users\moham\Downloads\GameSense.Dog_Cheat1\GameSense.Dog_Cheat1\build\cheat.dll
